[2018-09-12 08:03:41] request.INFO: Matched route "admin_module_manage". {"route":"admin_module_manage","route_parameters":{"category":null,"keyword":null,"_controller":"PrestaShopBundle\\Controller\\Admin\\ModuleController::manageAction","_legacy_controller":"AdminModulesManage","_route":"admin_module_manage"},"request_uri":"http://prestashop.local/admin051cexwar/index.php/module/manage?_token=2buNUEYSioTVBjFzckXmZJW793yqLOcVVsNEdxqH0cI","method":"GET"} []
[2018-09-12 08:03:41] security.DEBUG: Read existing security token from the session. {"key":"_security_main","token_class":"Symfony\\Component\\Security\\Core\\Authentication\\Token\\UsernamePasswordToken"} []
[2018-09-12 08:03:41] security.DEBUG: User was reloaded from a user provider. {"provider":"PrestaShopBundle\\Security\\Admin\\EmployeeProvider","username":"giorgi.bibilashvili89@gmail.com"} []
[2018-09-12 08:03:46] app.ERROR: Data from PrestaShop Addons is invalid, and cannot fallback on cache.  {"exception":"cURL error 28: Operation timed out after 5001 milliseconds with 0 bytes received"} []
[2018-09-12 08:03:47] security.DEBUG: Stored the security token in the session. {"key":"_security_main"} []
[2018-09-12 08:03:48] request.INFO: Matched route "admin_module_notification_count". {"route":"admin_module_notification_count","route_parameters":{"_controller":"PrestaShopBundle\\Controller\\Admin\\ModuleController::notificationsCountAction","_legacy_controller":"AdminModulesNotifications","_route":"admin_module_notification_count"},"request_uri":"http://prestashop.local/admin051cexwar/index.php/module/notifications/count?_token=2buNUEYSioTVBjFzckXmZJW793yqLOcVVsNEdxqH0cI","method":"GET"} []
[2018-09-12 08:03:48] security.DEBUG: Read existing security token from the session. {"key":"_security_main","token_class":"Symfony\\Component\\Security\\Core\\Authentication\\Token\\UsernamePasswordToken"} []
[2018-09-12 08:03:48] security.DEBUG: User was reloaded from a user provider. {"provider":"PrestaShopBundle\\Security\\Admin\\EmployeeProvider","username":"giorgi.bibilashvili89@gmail.com"} []
[2018-09-12 08:03:55] app.ERROR: Data from PrestaShop Addons is invalid, and cannot fallback on cache.  {"exception":"cURL error 28: Operation timed out after 5000 milliseconds with 30065 bytes received"} []
[2018-09-12 08:03:55] security.DEBUG: Stored the security token in the session. {"key":"_security_main"} []
[2018-09-12 08:03:56] request.INFO: Matched route "admin_module_notification_count". {"route":"admin_module_notification_count","route_parameters":{"_controller":"PrestaShopBundle\\Controller\\Admin\\ModuleController::notificationsCountAction","_legacy_controller":"AdminModulesNotifications","_route":"admin_module_notification_count"},"request_uri":"http://prestashop.local/admin051cexwar/index.php/module/notifications/count?_token=2buNUEYSioTVBjFzckXmZJW793yqLOcVVsNEdxqH0cI","method":"GET"} []
[2018-09-12 08:03:56] security.DEBUG: Read existing security token from the session. {"key":"_security_main","token_class":"Symfony\\Component\\Security\\Core\\Authentication\\Token\\UsernamePasswordToken"} []
[2018-09-12 08:03:56] security.DEBUG: User was reloaded from a user provider. {"provider":"PrestaShopBundle\\Security\\Admin\\EmployeeProvider","username":"giorgi.bibilashvili89@gmail.com"} []
[2018-09-12 08:04:01] app.ERROR: Data from PrestaShop Addons is invalid, and cannot fallback on cache.  {"exception":"cURL error 28: Operation timed out after 5000 milliseconds with 0 bytes received"} []
[2018-09-12 08:04:01] security.DEBUG: Stored the security token in the session. {"key":"_security_main"} []
[2018-09-13 10:59:31] request.INFO: Matched route "admin_module_manage". {"route":"admin_module_manage","route_parameters":{"category":null,"keyword":null,"_controller":"PrestaShopBundle\\Controller\\Admin\\ModuleController::manageAction","_legacy_controller":"AdminModulesManage","_route":"admin_module_manage"},"request_uri":"http://prestashop.local/admin051cexwar/index.php/module/manage?_token=KLEvDeACPQYf6FVkCXvL-W4uboEPB0EazNi4ayBhC6c","method":"GET"} []
[2018-09-13 10:59:31] security.DEBUG: Read existing security token from the session. {"key":"_security_main","token_class":"Symfony\\Component\\Security\\Core\\Authentication\\Token\\UsernamePasswordToken"} []
[2018-09-13 10:59:31] security.DEBUG: User was reloaded from a user provider. {"provider":"PrestaShopBundle\\Security\\Admin\\EmployeeProvider","username":"giorgi.bibilashvili89@gmail.com"} []
[2018-09-13 10:59:37] app.ERROR: Data from PrestaShop Addons is invalid, and cannot fallback on cache.  {"exception":"cURL error 28: Operation timed out after 5000 milliseconds with 0 bytes received"} []
[2018-09-13 10:59:42] security.DEBUG: Stored the security token in the session. {"key":"_security_main"} []
[2018-09-13 10:59:44] request.INFO: Matched route "admin_module_notification_count". {"route":"admin_module_notification_count","route_parameters":{"_controller":"PrestaShopBundle\\Controller\\Admin\\ModuleController::notificationsCountAction","_legacy_controller":"AdminModulesNotifications","_route":"admin_module_notification_count"},"request_uri":"http://prestashop.local/admin051cexwar/index.php/module/notifications/count?_token=KLEvDeACPQYf6FVkCXvL-W4uboEPB0EazNi4ayBhC6c","method":"GET"} []
[2018-09-13 10:59:44] security.DEBUG: Read existing security token from the session. {"key":"_security_main","token_class":"Symfony\\Component\\Security\\Core\\Authentication\\Token\\UsernamePasswordToken"} []
[2018-09-13 10:59:44] security.DEBUG: User was reloaded from a user provider. {"provider":"PrestaShopBundle\\Security\\Admin\\EmployeeProvider","username":"giorgi.bibilashvili89@gmail.com"} []
[2018-09-13 10:59:49] app.ERROR: Data from PrestaShop Addons is invalid, and cannot fallback on cache.  {"exception":"cURL error 28: Operation timed out after 5000 milliseconds with 0 bytes received"} []
[2018-09-13 10:59:50] security.DEBUG: Stored the security token in the session. {"key":"_security_main"} []
[2018-09-13 11:03:24] request.INFO: Matched route "admin_module_manage". {"route":"admin_module_manage","route_parameters":{"category":null,"keyword":null,"_controller":"PrestaShopBundle\\Controller\\Admin\\ModuleController::manageAction","_legacy_controller":"AdminModulesManage","_route":"admin_module_manage"},"request_uri":"http://prestashop.local/admin051cexwar/index.php/module/manage?_token=KLEvDeACPQYf6FVkCXvL-W4uboEPB0EazNi4ayBhC6c","method":"GET"} []
[2018-09-13 11:03:24] security.DEBUG: Read existing security token from the session. {"key":"_security_main","token_class":"Symfony\\Component\\Security\\Core\\Authentication\\Token\\UsernamePasswordToken"} []
[2018-09-13 11:03:24] security.DEBUG: User was reloaded from a user provider. {"provider":"PrestaShopBundle\\Security\\Admin\\EmployeeProvider","username":"giorgi.bibilashvili89@gmail.com"} []
[2018-09-13 11:03:31] app.ERROR: Data from PrestaShop Addons is invalid, and cannot fallback on cache.  {"exception":"cURL error 28: Operation timed out after 5000 milliseconds with 0 bytes received"} []
[2018-09-13 11:03:33] security.DEBUG: Stored the security token in the session. {"key":"_security_main"} []
[2018-09-13 11:03:34] request.INFO: Matched route "admin_module_notification_count". {"route":"admin_module_notification_count","route_parameters":{"_controller":"PrestaShopBundle\\Controller\\Admin\\ModuleController::notificationsCountAction","_legacy_controller":"AdminModulesNotifications","_route":"admin_module_notification_count"},"request_uri":"http://prestashop.local/admin051cexwar/index.php/module/notifications/count?_token=KLEvDeACPQYf6FVkCXvL-W4uboEPB0EazNi4ayBhC6c","method":"GET"} []
[2018-09-13 11:03:34] security.DEBUG: Read existing security token from the session. {"key":"_security_main","token_class":"Symfony\\Component\\Security\\Core\\Authentication\\Token\\UsernamePasswordToken"} []
[2018-09-13 11:03:34] security.DEBUG: User was reloaded from a user provider. {"provider":"PrestaShopBundle\\Security\\Admin\\EmployeeProvider","username":"giorgi.bibilashvili89@gmail.com"} []
[2018-09-13 11:03:39] app.ERROR: Data from PrestaShop Addons is invalid, and cannot fallback on cache.  {"exception":"cURL error 28: Operation timed out after 5000 milliseconds with 0 bytes received"} []
[2018-09-13 11:03:40] security.DEBUG: Stored the security token in the session. {"key":"_security_main"} []
